<?xml version="1.0" encoding="UTF-8"?>
<!-- Generated by org.testng.reporters.JUnitReportReporter -->
<testsuite hostname="SHEETAL-EVA" failures="0" tests="1" name="com.db.testLayer.BasicTest" time="6.938" errors="0" timestamp="2023-07-09T18:12:33 IST" skipped="0">
  <testcase classname="com.db.testLayer.BasicTest" name="basic" time="6.938"/>
  <system-out/>
</testsuite> <!-- com.db.testLayer.BasicTest -->
